# JRE version: OpenJDK Runtime Environment Corretto-16.0.2.7.1 (16.0.2+7) (build 16.0.2+7)
# Java VM: OpenJDK 64-Bit Server VM Corretto-16.0.2.7.1 (16.0.2+7, mixed mode, sharing, tiered, compressed oops, compressed class ptrs, g1 gc, windows-amd64)
GC Precious Log:
 CPUs: 12 total, 12 available
 Memory: 7750M
 Large Page Support: Disabled
 NUMA Support: Disabled
 Compressed Oops: Enabled (32-bit)
 Heap Region Size: 1M
 Heap Min Capacity: 256M
 Heap Initial Capacity: 256M
 Heap Max Capacity: 512M
 Pre-touch: Disabled
 Parallel Workers: 10
 Concurrent Workers: 3
 Concurrent Refinement Workers: 10
 Periodic GC: Disabled
Heap:
 garbage-first heap   total 262144K, used 91170K [0x00000000e0000000, 0x0000000100000000)
  region size 1024K, 39 young (39936K), 11 survivors (11264K)
 Metaspace       used 45244K, committed 45888K, reserved 253952K
  class space    used 6132K, committed 6464K, reserved 212992K
GC Heap History (10 events):
Event: 1.504 GC heap before
{Heap before GC invocations=0 (full 0):
 garbage-first heap   total 262144K, used 28672K [0x00000000e0000000, 0x0000000100000000)
  region size 1024K, 23 young (23552K), 0 survivors (0K)
 Metaspace       used 3196K, committed 3392K, reserved 221184K
  class space    used 376K, committed 448K, reserved 212992K
}
Event: 1.511 GC heap after
{Heap after GC invocations=1 (full 0):
 garbage-first heap   total 262144K, used 9118K [0x00000000e0000000, 0x0000000100000000)
  region size 1024K, 3 young (3072K), 3 survivors (3072K)
 Metaspace       used 3196K, committed 3392K, reserved 221184K
  class space    used 376K, committed 448K, reserved 212992K
}
Event: 2.114 GC heap before
{Heap before GC invocations=1 (full 0):
 garbage-first heap   total 262144K, used 38814K [0x00000000e0000000, 0x0000000100000000)
  region size 1024K, 32 young (32768K), 3 survivors (3072K)
 Metaspace       used 4102K, committed 4288K, reserved 221184K
  class space    used 471K, committed 576K, reserved 212992K
}
Event: 2.118 GC heap after
{Heap after GC invocations=2 (full 0):
 garbage-first heap   total 262144K, used 11017K [0x00000000e0000000, 0x0000000100000000)
  region size 1024K, 3 young (3072K), 3 survivors (3072K)
 Metaspace       used 4102K, committed 4288K, reserved 221184K
  class space    used 471K, committed 576K, reserved 212992K
}
Event: 7.335 GC heap before
{Heap before GC invocations=2 (full 0):
 garbage-first heap   total 262144K, used 129801K [0x00000000e0000000, 0x0000000100000000)
  region size 1024K, 108 young (110592K), 3 survivors (3072K)
 Metaspace       used 20924K, committed 21248K, reserved 237568K
  class space    used 3032K, committed 3200K, reserved 212992K
}
Event: 7.345 GC heap after
{Heap after GC invocations=3 (full 0):
 garbage-first heap   total 262144K, used 34436K [0x00000000e0000000, 0x0000000100000000)
  region size 1024K, 13 young (13312K), 13 survivors (13312K)
 Metaspace       used 20924K, committed 21248K, reserved 237568K
  class space    used 3032K, committed 3200K, reserved 212992K
}
Event: 9.624 GC heap before
{Heap before GC invocations=4 (full 0):
 garbage-first heap   total 262144K, used 146052K [0x00000000e0000000, 0x0000000100000000)
  region size 1024K, 111 young (113664K), 13 survivors (13312K)
 Metaspace       used 35026K, committed 35520K, reserved 245760K
  class space    used 4606K, committed 4864K, reserved 212992K
}
Event: 9.634 GC heap after
{Heap after GC invocations=5 (full 0):
 garbage-first heap   total 262144K, used 53042K [0x00000000e0000000, 0x0000000100000000)
  region size 1024K, 10 young (10240K), 10 survivors (10240K)
 Metaspace       used 35026K, committed 35520K, reserved 245760K
  class space    used 4606K, committed 4864K, reserved 212992K
}
Event: 14.117 GC heap before
{Heap before GC invocations=6 (full 0):
 garbage-first heap   total 262144K, used 171826K [0x00000000e0000000, 0x0000000100000000)
  region size 1024K, 127 young (130048K), 10 survivors (10240K)
 Metaspace       used 44637K, committed 45248K, reserved 253952K
  class space    used 6031K, committed 6336K, reserved 212992K
}
Event: 14.339 GC heap after
{Heap after GC invocations=7 (full 0):
 garbage-first heap   total 262144K, used 63522K [0x00000000e0000000, 0x0000000100000000)
  region size 1024K, 11 young (11264K), 11 survivors (11264K)
 Metaspace       used 44637K, committed 45248K, reserved 253952K
  class space    used 6031K, committed 6336K, reserved 212992K
}

